--- Startup times for process: Primary (or UI client) ---

times in msec
 clock   self+sourced   self:  sourced script
 clock   elapsed:              other lines

000.002  000.002: --- NVIM STARTING ---
000.130  000.128: event init
000.200  000.070: early init
000.255  000.054: locale set
000.297  000.043: init first window
000.663  000.365: inits 1
000.673  000.010: window checked
000.675  000.002: parsing arguments
001.120  000.037  000.037: require('vim.shared')
001.203  000.034  000.034: require('vim.inspect')
001.242  000.032  000.032: require('vim._options')
001.244  000.120  000.053: require('vim._editor')
001.245  000.184  000.027: require('vim._init_packages')
001.246  000.388: init lua interpreter
003.583  002.337: nvim_ui_attach
003.876  000.293: nvim_set_client_info
003.880  000.004: --- NVIM STARTED ---

--- Startup times for process: Embedded ---

times in msec
 clock   self+sourced   self:  sourced script
 clock   elapsed:              other lines

000.002  000.002: --- NVIM STARTING ---
000.177  000.174: event init
000.283  000.106: early init
000.361  000.078: locale set
000.428  000.067: init first window
000.882  000.455: inits 1
000.900  000.018: window checked
000.903  000.003: parsing arguments
001.387  000.041  000.041: require('vim.shared')
001.489  000.045  000.045: require('vim.inspect')
001.537  000.041  000.041: require('vim._options')
001.540  000.147  000.062: require('vim._editor')
001.541  000.222  000.034: require('vim._init_packages')
001.543  000.418: init lua interpreter
001.656  000.113: expanding arguments
001.695  000.039: inits 2
001.959  000.264: init highlight
001.960  000.001: waiting for UI
002.219  000.259: done waiting for UI
002.230  000.011: clear screen
002.372  000.010  000.010: require('vim.keymap')
003.159  000.115  000.115: sourcing nvim_exec2()
003.479  001.248  001.123: require('vim._defaults')
003.481  000.003: init default mappings & autocommands
004.223  000.021  000.021: sourcing nvim_exec2() called at /nix/store/hswlwh6c993fs07ihwr97b0p14xam5cf-neovim-0.11.4-nixCats/nixCats-setup.lua:0
004.228  000.256  000.235: require('nixCats')
004.375  000.796  000.540: sourcing /nix/store/hswlwh6c993fs07ihwr97b0p14xam5cf-neovim-0.11.4-nixCats/nixCats-setup.lua
004.378  000.101: --cmd commands
005.789  000.039  000.039: sourcing /nix/store/xv6xv4d28prsn9z75hx152q1ashzak13-neovim-unwrapped-0.11.4/share/nvim/runtime/ftplugin.vim
005.897  000.017  000.017: sourcing /nix/store/xv6xv4d28prsn9z75hx152q1ashzak13-neovim-unwrapped-0.11.4/share/nvim/runtime/indent.vim
006.151  000.085  000.085: require('nixCatsUtils')
012.467  006.291  006.291: require('Default.opts_and_keys')
013.035  000.169  000.169: require('lze.c.loader')
013.038  000.231  000.062: require('lze.h.colorscheme')
013.125  000.085  000.085: require('lze.h.cmd')
013.273  000.147  000.147: require('lze.h.event')
013.329  000.054  000.054: require('lze.h.ft')
013.453  000.123  000.123: require('lze.h.keys')
013.501  000.047  000.047: require('lze.h.dep_of')
013.542  000.040  000.040: require('lze.h.on_plugin')
013.651  000.108  000.108: require('lze.h.on_require')
013.653  000.882  000.048: require('lze.h')
013.681  001.085  000.203: require('lze.c.handler')
013.683  001.207  000.122: require('lze')
013.731  000.046  000.046: require('nixCatsUtils.lzUtils')
013.797  000.063  000.063: require('lzextras')
014.012  000.213  000.213: require('lzextras.src.lsp')
014.712  000.326  000.326: require('catppuccin')
015.054  000.076  000.076: require('catppuccin.lib.hashing')
017.092  001.687  001.687: sourcing /nix/store/p2bgjlhyscfrgbzrad6dkdqzawc1h1x0-vim-pack-dir/pack/myNeovimPackages/start/catppuccin-nvim/colors/catppuccin.vim
017.212  000.104  000.104: require('lze.c.parse')
018.496  000.067  000.067: sourcing /nix/store/03vn0a4a3krzmrx7zrxbckfvjcwic6hh-packdir-start/pack/myNeovimPackages/start/nvim-web-devicons/plugin/nvim-web-devicons.vim
018.932  000.007  000.007: sourcing /nix/store/xjg24j2sgh1mg9wrphhwya3vvwrpxqr0-packdir-opt/pack/myNeovimPackages/opt/nvim-web-devicons/plugin/nvim-web-devicons.vim
020.696  000.005  000.005: require('vim.F')
022.358  001.653  001.653: require('nvim-web-devicons.icons-default')
022.486  003.352  001.693: require('nvim-web-devicons')
024.806  010.789  005.169: require('Default.ui')
024.975  000.166  000.166: require('Default.edit')
026.902  000.229  000.229: sourcing /nix/store/xjg24j2sgh1mg9wrphhwya3vvwrpxqr0-packdir-opt/pack/myNeovimPackages/opt/vim-startuptime/plugin/startuptime.vim
029.686  002.021  002.021: require('oil')
029.780  000.091  000.091: require('oil.ringbuf')
030.016  000.235  000.235: require('oil.config')
033.038  002.841  002.841: require('vim.filetype')
034.302  000.129  000.129: require('oil.log')
034.319  000.439  000.310: require('oil.fs')
034.943  000.074  000.074: require('oil.constants')
034.951  000.631  000.557: require('oil.util')
037.131  000.083  000.083: require('oil-git-status.system')
037.169  001.585  001.502: require('oil-git-status')
037.213  012.236  004.165: require('Default.tool')
037.397  000.183  000.183: require('Default.notification')
037.729  000.330  000.330: require('Default.debug')
038.868  000.018  000.018: require('vim.fs')
038.888  000.223  000.205: require('vim.lsp.log')
039.480  000.590  000.590: require('vim.lsp.protocol')
040.566  001.082  001.082: require('vim.lsp.util')
041.025  000.211  000.211: require('vim.lsp.sync')
041.029  000.461  000.250: require('vim.lsp._changetracking')
041.541  000.177  000.177: require('vim.lsp._transport')
041.584  000.551  000.375: require('vim.lsp.rpc')
041.643  003.647  000.739: require('vim.lsp')
041.666  003.934  000.288: require('Default.lsp')
041.875  000.208  000.208: require('Default.code-quality')
041.999  000.122  000.122: require('Default.lang')
042.200  000.199  000.199: require('Default.cmp')
042.202  036.049  000.063: require('Default')
042.208  001.640: sourcing vimrc file(s)
042.609  000.151  000.151: sourcing nvim_exec2() called at /nix/store/xv6xv4d28prsn9z75hx152q1ashzak13-neovim-unwrapped-0.11.4/share/nvim/runtime/filetype.lua:0
042.611  000.213  000.062: sourcing /nix/store/xv6xv4d28prsn9z75hx152q1ashzak13-neovim-unwrapped-0.11.4/share/nvim/runtime/filetype.lua
042.853  000.059  000.059: sourcing /nix/store/xv6xv4d28prsn9z75hx152q1ashzak13-neovim-unwrapped-0.11.4/share/nvim/runtime/syntax/synload.vim
042.918  000.246  000.187: sourcing /nix/store/xv6xv4d28prsn9z75hx152q1ashzak13-neovim-unwrapped-0.11.4/share/nvim/runtime/syntax/syntax.vim
043.702  000.009  000.009: sourcing /nix/store/p2bgjlhyscfrgbzrad6dkdqzawc1h1x0-vim-pack-dir/pack/myNeovimPackages/opt/vim-startuptime/plugin/startuptime.vim
043.787  000.005  000.005: sourcing /nix/store/p2bgjlhyscfrgbzrad6dkdqzawc1h1x0-vim-pack-dir/pack/myNeovimPackages/opt/nvim-web-devicons/plugin/nvim-web-devicons.vim
043.868  000.004  000.004: sourcing /nix/store/p2bgjlhyscfrgbzrad6dkdqzawc1h1x0-vim-pack-dir/pack/myNeovimPackages/start/nvim-web-devicons/plugin/nvim-web-devicons.vim
044.405  000.128  000.128: sourcing /nix/store/xv6xv4d28prsn9z75hx152q1ashzak13-neovim-unwrapped-0.11.4/share/nvim/runtime/plugin/gzip.vim
045.286  000.127  000.127: sourcing /nix/store/xv6xv4d28prsn9z75hx152q1ashzak13-neovim-unwrapped-0.11.4/share/nvim/runtime/pack/dist/opt/matchit/plugin/matchit.vim
045.395  000.971  000.845: sourcing /nix/store/xv6xv4d28prsn9z75hx152q1ashzak13-neovim-unwrapped-0.11.4/share/nvim/runtime/plugin/matchit.vim
045.503  000.089  000.089: sourcing /nix/store/xv6xv4d28prsn9z75hx152q1ashzak13-neovim-unwrapped-0.11.4/share/nvim/runtime/plugin/matchparen.vim
045.528  000.006  000.006: sourcing /nix/store/xv6xv4d28prsn9z75hx152q1ashzak13-neovim-unwrapped-0.11.4/share/nvim/runtime/plugin/netrwPlugin.vim
045.609  000.005  000.005: sourcing /nix/store/hswlwh6c993fs07ihwr97b0p14xam5cf-neovim-0.11.4-nixCats/nixCats-rplugin.vim
045.739  000.194  000.188: sourcing /nix/store/xv6xv4d28prsn9z75hx152q1ashzak13-neovim-unwrapped-0.11.4/share/nvim/runtime/plugin/rplugin.vim
045.795  000.036  000.036: sourcing /nix/store/xv6xv4d28prsn9z75hx152q1ashzak13-neovim-unwrapped-0.11.4/share/nvim/runtime/plugin/shada.vim
045.832  000.011  000.011: sourcing /nix/store/xv6xv4d28prsn9z75hx152q1ashzak13-neovim-unwrapped-0.11.4/share/nvim/runtime/plugin/spellfile.vim
045.917  000.063  000.063: sourcing /nix/store/xv6xv4d28prsn9z75hx152q1ashzak13-neovim-unwrapped-0.11.4/share/nvim/runtime/plugin/tarPlugin.vim
045.959  000.015  000.015: sourcing /nix/store/xv6xv4d28prsn9z75hx152q1ashzak13-neovim-unwrapped-0.11.4/share/nvim/runtime/plugin/tutor.vim
046.094  000.114  000.114: sourcing /nix/store/xv6xv4d28prsn9z75hx152q1ashzak13-neovim-unwrapped-0.11.4/share/nvim/runtime/plugin/zipPlugin.vim
046.158  000.034  000.034: sourcing /nix/store/xv6xv4d28prsn9z75hx152q1ashzak13-neovim-unwrapped-0.11.4/share/nvim/runtime/plugin/editorconfig.lua
046.228  000.048  000.048: sourcing /nix/store/xv6xv4d28prsn9z75hx152q1ashzak13-neovim-unwrapped-0.11.4/share/nvim/runtime/plugin/man.lua
046.307  000.055  000.055: sourcing /nix/store/xv6xv4d28prsn9z75hx152q1ashzak13-neovim-unwrapped-0.11.4/share/nvim/runtime/plugin/osc52.lua
046.381  000.027  000.027: sourcing /nix/store/xv6xv4d28prsn9z75hx152q1ashzak13-neovim-unwrapped-0.11.4/share/nvim/runtime/plugin/tohtml.lua
046.398  001.921: loading rtp plugins
046.866  000.008  000.008: sourcing /nix/store/03vn0a4a3krzmrx7zrxbckfvjcwic6hh-packdir-start/pack/myNeovimPackages/start/nvim-web-devicons/plugin/nvim-web-devicons.vim
046.964  000.018  000.018: sourcing /nix/store/03vn0a4a3krzmrx7zrxbckfvjcwic6hh-packdir-start/pack/myNeovimPackages/start/plenary.nvim/plugin/plenary.vim
047.325  000.901: loading packages
048.883  000.008  000.008: sourcing nvim_exec2() called at /nix/store/15ki3vf8z9v4dicbffy1xmp6hq741gj8-vcnr0prap45jil2fjmkn837wb1zwsbkq-source/after/plugin/colors.lua:0
048.886  000.024  000.016: sourcing /nix/store/15ki3vf8z9v4dicbffy1xmp6hq741gj8-vcnr0prap45jil2fjmkn837wb1zwsbkq-source/after/plugin/colors.lua
048.888  001.539: loading after plugins
048.898  000.010: inits 3
050.161  001.263: reading ShaDa
051.892  000.304  000.304: sourcing /nix/store/xjg24j2sgh1mg9wrphhwya3vvwrpxqr0-packdir-opt/pack/myNeovimPackages/opt/nvim-scrollview/plugin/scrollview.vim
055.989  000.148  000.148: require('scrollview.utils')
056.227  003.876  003.728: require('scrollview')
056.270  001.929: opening buffers
056.289  000.019: BufEnter autocommands
056.291  000.002: editing files in windows
056.324  000.032: VimEnter autocommands
058.484  000.087  000.087: require('noice.util.lazy')
058.493  001.720  001.633: require('noice')
059.181  000.406  000.406: require('vim.health')
059.725  000.178  000.178: require('noice.util.call')
059.732  000.547  000.369: require('noice.util')
059.736  001.241  000.288: require('noice.health')
060.033  000.255  000.255: require('noice.config')
062.553  000.097  000.097: require('notify.util.queue')
062.558  000.290  000.193: require('notify.util')
062.690  000.029  000.029: sourcing nvim_exec2() called at UIEnter Autocommands for "*":0
062.713  000.018  000.018: sourcing nvim_exec2() called at UIEnter Autocommands for "*":0
062.714  000.155  000.108: require('notify.config.highlights')
062.717  000.641  000.196: require('notify.config')
063.019  000.076  000.076: require('notify.stages')
063.187  000.166  000.166: require('notify.service.notification')
063.678  000.125  000.125: require('notify.animate.spring')
063.680  000.201  000.075: require('notify.animate')
063.683  000.495  000.294: require('notify.windows')
064.164  000.173  000.173: require('notify.service.buffer.highlights')
064.168  000.343  000.170: require('notify.service.buffer')
064.170  000.486  000.143: require('notify.service')
064.398  000.227  000.227: require('notify.stages.util')
064.400  001.682  000.233: require('notify.instance')
064.403  004.000  001.676: require('notify')
064.563  000.128  000.128: require('notify.stages.fade_in_slide_out')
064.627  000.017  000.017: sourcing nvim_exec2() called at UIEnter Autocommands for "*":0
064.633  000.003  000.003: sourcing nvim_exec2() called at UIEnter Autocommands for "*":0
064.878  000.201  000.201: require('vim.termcap')
064.911  000.017  000.017: require('vim.text')
064.936  001.030: UIEnter autocommands
065.406  000.322  000.322: sourcing /nix/store/xv6xv4d28prsn9z75hx152q1ashzak13-neovim-unwrapped-0.11.4/share/nvim/runtime/autoload/provider/clipboard.vim
065.412  000.154: before starting main loop
065.730  000.318: first screen update
065.731  000.001: --- NVIM STARTED ---

--- Startup times for process: Primary (or UI client) ---

times in msec
 clock   self+sourced   self:  sourced script
 clock   elapsed:              other lines

000.002  000.002: --- NVIM STARTING ---
000.133  000.131: event init
000.203  000.070: early init
000.253  000.050: locale set
000.293  000.040: init first window
000.678  000.385: inits 1
000.688  000.011: window checked
000.692  000.004: parsing arguments
001.122  000.041  000.041: require('vim.shared')
001.203  000.033  000.033: require('vim.inspect')
001.241  000.032  000.032: require('vim._options')
001.243  000.113  000.048: require('vim._editor')
001.244  000.184  000.030: require('vim._init_packages')
001.245  000.369: init lua interpreter
003.388  002.143: nvim_ui_attach
003.643  000.254: nvim_set_client_info
003.645  000.002: --- NVIM STARTED ---

--- Startup times for process: Embedded ---

times in msec
 clock   self+sourced   self:  sourced script
 clock   elapsed:              other lines

000.002  000.002: --- NVIM STARTING ---
000.140  000.138: event init
000.205  000.065: early init
000.255  000.050: locale set
000.293  000.038: init first window
000.628  000.335: inits 1
000.641  000.013: window checked
000.644  000.003: parsing arguments
001.065  000.043  000.043: require('vim.shared')
001.151  000.035  000.035: require('vim.inspect')
001.191  000.032  000.032: require('vim._options')
001.192  000.119  000.051: require('vim._editor')
001.193  000.190  000.029: require('vim._init_packages')
001.195  000.361: init lua interpreter
001.256  000.061: expanding arguments
001.289  000.032: inits 2
001.498  000.209: init highlight
001.499  000.001: waiting for UI
001.675  000.177: done waiting for UI
001.682  000.007: clear screen
001.791  000.010  000.010: require('vim.keymap')
002.406  000.114  000.114: sourcing nvim_exec2()
002.685  001.001  000.878: require('vim._defaults')
002.687  000.004: init default mappings & autocommands
002.783  000.097: --cmd commands
018.728  000.062  000.062: sourcing /nix/store/xv6xv4d28prsn9z75hx152q1ashzak13-neovim-unwrapped-0.11.4/share/nvim/runtime/ftplugin.vim
022.032  000.045  000.045: sourcing /nix/store/xv6xv4d28prsn9z75hx152q1ashzak13-neovim-unwrapped-0.11.4/share/nvim/runtime/indent.vim
024.585  000.349  000.349: require('lz.n')
024.826  000.214  000.214: require('lz.n.spec')
027.803  002.973  002.973: require('vim.iter')
028.434  000.183  000.183: require('lz.n.loader')
028.574  000.138  000.138: require('lz.n.handler.state')
028.577  000.485  000.164: require('lz.n.handler.cmd')
028.802  000.224  000.224: require('lz.n.handler.event')
028.914  000.110  000.110: require('lz.n.handler.ft')
029.111  000.195  000.195: require('lz.n.handler.keys')
029.237  000.124  000.124: require('lz.n.handler.colorscheme')
029.337  000.099  000.099: require('lz.n.handler.lazy')
029.339  001.465  000.227: require('lz.n.handler')
047.264  000.315  000.315: require('smear_cursor.config')
047.541  000.272  000.272: require('smear_cursor.math')
047.571  001.025  000.439: require('smear_cursor.color')
049.136  000.685  000.685: require('smear_cursor.draw')
049.443  000.305  000.305: require('smear_cursor.screen')
049.492  001.586  000.596: require('smear_cursor.animation')
049.495  001.923  000.337: require('smear_cursor.events')
049.497  017.727  014.779: require('smear_cursor')
049.940  000.005  000.005: require('vim.F')
064.568  000.301  000.301: require('treesitter-context.config')
064.581  014.513  014.212: require('treesitter-context')
064.637  014.605  000.092: sourcing /nix/store/yc93cjz0pqy4fd96bf3jqbjw4ryk4yll-packdir-opt/pack/myNeovimPackages/opt/nvim-treesitter-context/plugin/treesitter-context.lua
067.874  000.353  000.353: require('vim.treesitter.language')
068.176  000.298  000.298: require('vim.func')
068.510  000.325  000.325: require('vim.func._memoize')
068.561  001.865  000.890: require('vim.treesitter.query')
068.933  000.371  000.371: require('vim.treesitter._range')
068.948  003.004  000.768: require('vim.treesitter.languagetree')
068.954  003.491  000.488: require('vim.treesitter')
069.547  000.590  000.590: require('vim.treesitter.highlighter')
069.828  000.279  000.279: require('treesitter-context.util')
069.837  004.928  000.567: require('treesitter-context.render')
084.420  014.091  014.091: require('yazi.commands')
084.437  014.120  000.029: sourcing /nix/store/yc93cjz0pqy4fd96bf3jqbjw4ryk4yll-packdir-opt/pack/myNeovimPackages/opt/yazi.nvim/plugin/yazi.lua
085.571  000.502  000.502: require('yazi.config')
086.140  000.564  000.564: require('yazi.openers')
086.159  001.514  000.448: require('yazi')
087.108  000.018  000.018: require('vim.fs')
087.117  000.617  000.598: require('yazi.log')
087.852  000.172  000.172: require('catppuccin')
088.030  000.041  000.041: require('catppuccin.lib.hashing')
089.255  001.041  001.041: sourcing /nix/store/adn4hd8gr1qsq34b0x386i0gjp06ijxi-vim-pack-dir/pack/myNeovimPackages/start/catppuccin-nvim/colors/catppuccin.vim
089.298  001.200  000.159: sourcing nvim_exec2() called at /home/user/.config/nvim/init.lua:0
090.836  001.119  001.119: require('nvim-web-devicons.icons-default')
091.115  001.814  000.695: require('nvim-web-devicons')
094.093  000.387  000.387: require('which-key')
094.569  000.472  000.472: require('which-key.config')
095.124  000.435  000.435: require('nvim-surround')
096.381  001.255  001.255: require('nvim-surround.config')
096.571  000.187  000.187: require('nvim-surround.input')
097.246  000.294  000.294: require('nvim-surround.buffer')
097.419  000.168  000.168: require('lspkind')
098.180  000.740  000.740: require('vim.lsp.protocol')
098.790  000.391  000.391: require('vim.lsp.log')
098.793  000.608  000.218: require('lsp-format')
100.345  000.814  000.814: require('fzf-lua.utils')
100.837  000.138  000.138: require('fzf-lua.lib.base64')
101.150  000.311  000.311: require('fzf-lua.lib.serpent')
101.154  000.807  000.358: require('fzf-lua.libuv')
101.160  001.985  000.364: require('fzf-lua.path')
102.423  000.713  000.713: require('fzf-lua.actions')
102.825  000.074  000.074: require('fzf-lua.class')
102.871  000.446  000.372: require('fzf-lua.devicons')
103.714  000.100  000.100: require('fzf-lua.previewer')
103.921  001.047  000.947: require('fzf-lua.defaults')
103.930  002.769  000.563: require('fzf-lua.config')
104.039  000.022  000.022: sourcing /nix/store/adn4hd8gr1qsq34b0x386i0gjp06ijxi-vim-pack-dir/pack/myNeovimPackages/start/fzf-lua/autoload/fzf_lua.vim
104.042  000.071  000.048: sourcing nvim_exec2() called at /home/user/.config/nvim/init.lua:0
105.728  001.225  001.225: require('fzf-lua.win')
106.708  000.160  000.160: require('fzf-lua.fzf')
107.070  000.359  000.359: require('fzf-lua.shell')
107.086  001.354  000.835: require('fzf-lua.core')
107.525  000.435  000.435: require('fzf-lua.make_entry')
107.531  008.725  000.886: require('fzf-lua')
108.500  000.587  000.587: require('nvim-navbuddy.actions')
109.457  000.442  000.442: require('nvim-navic.lib')
110.398  000.316  000.316: require('nui.object')
111.403  000.496  000.496: require('vim.version')
112.625  002.033  001.537: require('nui.utils')
112.637  002.236  000.202: require('nui.text')
112.643  002.761  000.209: require('nui.line')
113.467  000.542  000.542: require('nui.popup.border')
113.588  000.118  000.118: require('nui.utils.buf_storage')
113.842  000.253  000.253: require('nui.utils.autocmd')
114.001  000.157  000.157: require('nui.utils.keymap')
114.212  000.210  000.210: require('nui.layout.utils')
114.344  001.699  000.420: require('nui.popup')
114.907  000.177  000.177: require('nui.tree.util')
114.932  000.585  000.408: require('nui.tree')
114.955  005.496  000.451: require('nui.menu')
116.133  000.184  000.184: require('nui.split.utils')
116.149  000.442  000.258: require('nui.split')
116.339  000.189  000.189: require('nui.layout.float')
116.535  000.194  000.194: require('nui.layout.split')
116.543  001.186  000.361: require('nui.layout')
116.738  000.194  000.194: require('nvim-navbuddy.ui')
116.743  001.785  000.406: require('nvim-navbuddy.display')
116.765  008.261  000.538: require('nvim-navbuddy')
119.288  001.487  001.487: require('vim.lsp.util')
120.216  000.438  000.438: require('vim.lsp.sync')
120.222  000.919  000.481: require('vim.lsp._changetracking')
121.246  000.435  000.435: require('vim.lsp._transport')
121.422  001.197  000.762: require('vim.lsp.rpc')
121.543  004.733  001.131: require('vim.lsp')
121.905  000.070  000.070: require('diffview.lazy')
122.602  000.058  000.058: require('ffi')
122.616  000.131  000.073: require('diffview.ffi')
122.749  000.132  000.132: require('diffview.oop')
122.764  000.563  000.300: require('diffview.async')
123.510  000.707  000.707: require('diffview.utils')
123.576  000.057  000.057: require('diffview.mock')
123.590  001.636  000.309: require('diffview.logger')
123.767  000.160  000.160: require('diffview.control')
123.928  000.154  000.154: require('diffview.events')
123.933  002.158  000.138: require('diffview.bootstrap')
124.307  000.373  000.373: require('diffview.hl')
125.783  000.382  000.382: require('diffview.actions')
125.878  000.934  000.553: require('diffview.config')
126.657  000.019  000.019: sourcing nvim_exec2() called at /home/user/.config/nvim/init.lua:0
126.661  005.108  001.624: require('diffview')
136.198  113.927  020.223: sourcing /home/user/.config/nvim/init.lua
136.218  019.401: sourcing vimrc file(s)
145.421  003.581  003.581: sourcing nvim_exec2() called at /nix/store/xv6xv4d28prsn9z75hx152q1ashzak13-neovim-unwrapped-0.11.4/share/nvim/runtime/filetype.lua:0
145.428  003.729  000.148: sourcing /nix/store/xv6xv4d28prsn9z75hx152q1ashzak13-neovim-unwrapped-0.11.4/share/nvim/runtime/filetype.lua
148.525  000.141  000.141: sourcing /nix/store/xv6xv4d28prsn9z75hx152q1ashzak13-neovim-unwrapped-0.11.4/share/nvim/runtime/syntax/synload.vim
148.632  003.140  002.999: sourcing /nix/store/xv6xv4d28prsn9z75hx152q1ashzak13-neovim-unwrapped-0.11.4/share/nvim/runtime/syntax/syntax.vim
160.944  000.064  000.064: sourcing /nix/store/adn4hd8gr1qsq34b0x386i0gjp06ijxi-vim-pack-dir/pack/myNeovimPackages/opt/yazi.nvim/plugin/yazi.lua
161.256  000.206  000.206: sourcing /nix/store/adn4hd8gr1qsq34b0x386i0gjp06ijxi-vim-pack-dir/pack/myNeovimPackages/opt/nvim-treesitter-context/plugin/treesitter-context.lua
161.892  000.398  000.398: sourcing /home/user/.nix-profile/share/nvim/site/plugin/fzf.vim
162.378  000.138  000.138: sourcing /nix/store/xv6xv4d28prsn9z75hx152q1ashzak13-neovim-unwrapped-0.11.4/share/nvim/runtime/plugin/gzip.vim
163.228  000.125  000.125: sourcing /nix/store/xv6xv4d28prsn9z75hx152q1ashzak13-neovim-unwrapped-0.11.4/share/nvim/runtime/pack/dist/opt/matchit/plugin/matchit.vim
163.335  000.937  000.812: sourcing /nix/store/xv6xv4d28prsn9z75hx152q1ashzak13-neovim-unwrapped-0.11.4/share/nvim/runtime/plugin/matchit.vim
163.439  000.086  000.086: sourcing /nix/store/xv6xv4d28prsn9z75hx152q1ashzak13-neovim-unwrapped-0.11.4/share/nvim/runtime/plugin/matchparen.vim
163.464  000.006  000.006: sourcing /nix/store/xv6xv4d28prsn9z75hx152q1ashzak13-neovim-unwrapped-0.11.4/share/nvim/runtime/plugin/netrwPlugin.vim
163.545  000.005  000.005: sourcing /nix/store/5wx3ik2spkrljd12svywjd9jd3ys19sj-neovim-0.11.4/rplugin.vim
189.235  000.129  000.129: sourcing /nix/store/xv6xv4d28prsn9z75hx152q1ashzak13-neovim-unwrapped-0.11.4/share/nvim/runtime/autoload/remote/host.vim
192.144  000.093  000.093: sourcing /nix/store/xv6xv4d28prsn9z75hx152q1ashzak13-neovim-unwrapped-0.11.4/share/nvim/runtime/autoload/remote/define.vim
194.913  031.307  031.085: sourcing /home/user/.local/share/nvim/rplugin.vim
194.921  031.438  000.126: sourcing /nix/store/xv6xv4d28prsn9z75hx152q1ashzak13-neovim-unwrapped-0.11.4/share/nvim/runtime/plugin/rplugin.vim
195.010  000.066  000.066: sourcing /nix/store/xv6xv4d28prsn9z75hx152q1ashzak13-neovim-unwrapped-0.11.4/share/nvim/runtime/plugin/shada.vim
195.051  000.013  000.013: sourcing /nix/store/xv6xv4d28prsn9z75hx152q1ashzak13-neovim-unwrapped-0.11.4/share/nvim/runtime/plugin/spellfile.vim
195.155  000.067  000.067: sourcing /nix/store/xv6xv4d28prsn9z75hx152q1ashzak13-neovim-unwrapped-0.11.4/share/nvim/runtime/plugin/tarPlugin.vim
195.190  000.012  000.012: sourcing /nix/store/xv6xv4d28prsn9z75hx152q1ashzak13-neovim-unwrapped-0.11.4/share/nvim/runtime/plugin/tutor.vim
195.312  000.100  000.100: sourcing /nix/store/xv6xv4d28prsn9z75hx152q1ashzak13-neovim-unwrapped-0.11.4/share/nvim/runtime/plugin/zipPlugin.vim
195.409  000.068  000.068: sourcing /nix/store/xv6xv4d28prsn9z75hx152q1ashzak13-neovim-unwrapped-0.11.4/share/nvim/runtime/plugin/editorconfig.lua
195.526  000.094  000.094: sourcing /nix/store/xv6xv4d28prsn9z75hx152q1ashzak13-neovim-unwrapped-0.11.4/share/nvim/runtime/plugin/man.lua
195.623  000.075  000.075: sourcing /nix/store/xv6xv4d28prsn9z75hx152q1ashzak13-neovim-unwrapped-0.11.4/share/nvim/runtime/plugin/osc52.lua
195.680  000.036  000.036: sourcing /nix/store/xv6xv4d28prsn9z75hx152q1ashzak13-neovim-unwrapped-0.11.4/share/nvim/runtime/plugin/tohtml.lua
195.700  018.809: loading rtp plugins
203.952  000.084  000.084: sourcing /nix/store/1pvc31i6h1py9hb1kpzwih4l12kq4x73-packdir-start/pack/myNeovimPackages/start/diffview.nvim/plugin/diffview.lua
204.105  000.053  000.053: sourcing /nix/store/1pvc31i6h1py9hb1kpzwih4l12kq4x73-packdir-start/pack/myNeovimPackages/start/fzf-lua/plugin/fzf-lua.lua
204.484  000.285  000.285: sourcing /nix/store/1pvc31i6h1py9hb1kpzwih4l12kq4x73-packdir-start/pack/myNeovimPackages/start/lazygit.nvim/plugin/lazygit.vim
205.663  000.667  000.667: require('lspconfig.util')
207.368  002.682  002.015: sourcing /nix/store/1pvc31i6h1py9hb1kpzwih4l12kq4x73-packdir-start/pack/myNeovimPackages/start/nvim-lspconfig/plugin/lspconfig.lua
207.770  000.152  000.152: sourcing /nix/store/1pvc31i6h1py9hb1kpzwih4l12kq4x73-packdir-start/pack/myNeovimPackages/start/nvim-scrollview/plugin/scrollview.vim
209.239  000.299  000.299: require('nvim-treesitter.utils')
211.512  002.269  002.269: require('nvim-treesitter.parsers')
212.871  000.188  000.188: require('nvim-treesitter.compat')
213.598  000.470  000.470: require('nvim-treesitter.ts_utils')
213.618  000.744  000.274: require('nvim-treesitter.tsrange')
213.861  000.241  000.241: require('nvim-treesitter.caching')
213.895  001.582  000.409: require('nvim-treesitter.query')
213.962  002.131  000.549: require('nvim-treesitter.configs')
213.989  002.471  000.340: require('nvim-treesitter.info')
214.560  000.570  000.570: require('nvim-treesitter.shell_command_selectors')
214.623  006.448  000.838: require('nvim-treesitter.install')
214.848  000.224  000.224: require('nvim-treesitter.statusline')
215.158  000.308  000.308: require('nvim-treesitter.query_predicates')
215.160  007.220  000.239: require('nvim-treesitter')
216.216  008.321  001.102: sourcing /nix/store/1pvc31i6h1py9hb1kpzwih4l12kq4x73-packdir-start/pack/myNeovimPackages/start/nvim-treesitter/plugin/nvim-treesitter.lua
216.701  000.282  000.282: require('nvim-treesitter-refactor')
216.949  000.585  000.303: sourcing /nix/store/1pvc31i6h1py9hb1kpzwih4l12kq4x73-packdir-start/pack/myNeovimPackages/start/nvim-treesitter-refactor/plugin/nvim-treesitter-refactor.vim
217.102  000.035  000.035: sourcing /nix/store/1pvc31i6h1py9hb1kpzwih4l12kq4x73-packdir-start/pack/myNeovimPackages/start/nvim-web-devicons/plugin/nvim-web-devicons.vim
217.219  000.024  000.024: sourcing /nix/store/1pvc31i6h1py9hb1kpzwih4l12kq4x73-packdir-start/pack/myNeovimPackages/start/plenary.nvim/plugin/plenary.vim
217.580  000.270  000.270: sourcing /nix/store/1pvc31i6h1py9hb1kpzwih4l12kq4x73-packdir-start/pack/myNeovimPackages/start/rainbow-delimiters.nvim/plugin/rainbow-delimiters.lua
218.312  000.500  000.500: sourcing /nix/store/1pvc31i6h1py9hb1kpzwih4l12kq4x73-packdir-start/pack/myNeovimPackages/start/telescope.nvim/plugin/telescope.lua
227.325  000.061  000.061: sourcing /nix/store/1pvc31i6h1py9hb1kpzwih4l12kq4x73-packdir-start/pack/myNeovimPackages/start/which-key.nvim/plugin/which-key.lua
227.721  018.968: loading packages
227.740  000.019: loading after plugins
227.757  000.017: inits 3
229.583  001.826: reading ShaDa
229.922  000.339: opening buffers
229.945  000.022: BufEnter autocommands
229.947  000.002: editing files in windows
229.954  000.007: executing command arguments
256.511  025.950  025.950: require('oil')
256.830  000.312  000.312: require('oil.ringbuf')
257.253  000.422  000.422: require('oil.config')
258.537  001.050  001.050: require('vim.filetype')
259.768  000.340  000.340: require('oil.log')
259.781  000.853  000.513: require('oil.fs')
260.849  000.275  000.275: require('oil.constants')
260.857  001.074  000.799: require('oil.util')
287.952  000.327  000.327: require('nvim-highlight-colors.table_utils')
287.958  000.647  000.320: require('nvim-highlight-colors.buffer_utils')
288.325  000.365  000.365: require('nvim-highlight-colors.named-colors.css')
288.714  000.388  000.388: require('nvim-highlight-colors.named-colors.tailwind')
289.935  000.905  000.905: require('nvim-highlight-colors.color.patterns')
289.939  001.224  000.319: require('nvim-highlight-colors.color.converters')
290.252  000.312  000.312: require('nvim-highlight-colors.named-colors.ansi')
290.281  003.370  000.435: require('nvim-highlight-colors.color.utils')
290.286  003.795  000.426: require('nvim-highlight-colors.utils')
290.328  028.998  025.202: require('nvim-highlight-colors')
290.431  001.818: VimEnter autocommands
316.254  000.298  000.298: require('noice.util.lazy')
316.262  025.291  024.992: require('noice')
317.271  000.590  000.590: require('vim.health')
318.130  000.353  000.353: require('noice.util.call')
318.134  000.859  000.506: require('noice.util')
318.137  001.873  000.425: require('noice.health')
318.562  000.407  000.407: require('noice.config')
344.988  000.297  000.297: require('notify.util.queue')
344.993  000.667  000.371: require('notify.util')
345.317  000.036  000.036: sourcing nvim_exec2() called at UIEnter Autocommands for "*":0
345.341  000.020  000.020: sourcing nvim_exec2() called at UIEnter Autocommands for "*":0
345.343  000.348  000.292: require('notify.config.highlights')
345.346  001.398  000.382: require('notify.config')
346.012  000.279  000.279: require('notify.stages')
346.331  000.317  000.317: require('notify.service.notification')
347.338  000.303  000.303: require('notify.animate.spring')
347.340  000.581  000.278: require('notify.animate')
347.343  001.010  000.429: require('notify.windows')
348.375  000.357  000.357: require('notify.service.buffer.highlights')
348.379  000.705  000.348: require('notify.service.buffer')
348.381  001.037  000.332: require('notify.service')
348.759  000.377  000.377: require('notify.stages.util')
348.761  003.414  000.395: require('notify.instance')
348.764  029.717  024.905: require('notify')
349.150  000.321  000.321: require('notify.stages.fade_in_slide_out')
349.749  000.283  000.283: require('telescope._extensions')
349.752  000.586  000.302: require('telescope')
352.153  000.200  000.200: require('plenary.tbl')
352.156  000.420  000.220: require('plenary.vararg.rotate')
352.157  000.605  000.185: require('plenary.vararg')
352.345  000.187  000.187: require('plenary.errors')
352.557  000.211  000.211: require('plenary.functional')
352.563  001.242  000.239: require('plenary.async.async')
353.466  000.212  000.212: require('plenary.async.structs')
353.471  000.482  000.270: require('plenary.async.control')
353.475  000.721  000.239: require('plenary.async.util')
353.477  000.912  000.191: require('plenary.async.tests')
353.478  002.367  000.213: require('plenary.async')
355.326  000.320  000.320: require('plenary.bit')
355.357  000.926  000.607: require('plenary.path')
355.367  001.209  000.283: require('plenary.strings')
355.371  001.528  000.319: require('plenary.window.border')
355.567  000.195  000.195: require('plenary.window')
355.759  000.191  000.191: require('plenary.popup.utils')
355.761  002.282  000.369: require('plenary.popup')
357.530  000.263  000.263: require('telescope.deprecated')
358.667  000.375  000.375: require('plenary.log')
358.684  000.657  000.282: require('telescope.log')
359.988  000.198  000.198: require('plenary.compat')
359.993  000.660  000.462: require('plenary.job')
360.277  000.282  000.282: require('telescope.state')
360.292  001.607  000.666: require('telescope.utils')
360.298  002.766  000.501: require('telescope.sorters')
361.685  004.896  001.868: require('telescope.config')
362.030  000.341  000.341: require('telescope.pickers.scroller')
362.316  000.283  000.283: require('telescope.actions.state')
362.632  000.315  000.315: require('telescope.actions.utils')
363.383  000.354  000.354: require('telescope.actions.mt')
363.410  000.776  000.421: require('telescope.actions.set')
364.082  000.350  000.350: require('telescope.config.resolve')
364.084  000.673  000.323: require('telescope.pickers.entry_display')
364.354  000.269  000.269: require('telescope.from_entry')
364.522  008.759  001.207: require('telescope.actions')
364.862  000.338  000.338: require('telescope.debounce')
365.292  000.428  000.428: require('telescope.mappings')
365.618  000.324  000.324: require('telescope.pickers.highlights')
365.891  000.271  000.271: require('telescope.pickers.window')
366.179  000.287  000.287: require('telescope.pickers.layout')
366.848  000.326  000.326: require('telescope.algos.linked_list')
366.851  000.670  000.344: require('telescope.entry_manager')
367.140  000.288  000.288: require('telescope.pickers.multi')
367.163  017.060  001.046: require('telescope.pickers')
368.637  001.131  001.131: require('telescope.make_entry')
368.932  000.292  000.292: require('telescope.finders.async_static_finder')
369.867  000.212  000.212: require('plenary.class')
369.920  000.681  000.469: require('telescope._')
369.922  000.988  000.308: require('telescope.finders.async_oneshot_finder')
370.234  000.310  000.310: require('telescope.finders.async_job_finder')
370.239  003.074  000.352: require('telescope.finders')
370.852  000.311  000.311: require('telescope.previewers.previewer')
371.776  000.428  000.428: require('telescope.previewers.utils')
372.004  001.150  000.722: require('telescope.previewers.term_previewer')
374.969  001.795  001.795: require('plenary.scandir')
375.356  003.351  001.556: require('telescope.previewers.buffer_previewer')
375.365  005.124  000.312: require('telescope.previewers')
375.388  025.635  000.376: require('telescope._extensions.notify')
375.420  000.019  000.019: sourcing nvim_exec2() called at UIEnter Autocommands for "*":0
375.426  000.003  000.003: sourcing nvim_exec2() called at UIEnter Autocommands for "*":0
376.113  000.532  000.532: require('vim.termcap')
376.181  000.049  000.049: require('vim.text')
376.205  001.341: UIEnter autocommands
379.681  000.413  000.413: sourcing /nix/store/xv6xv4d28prsn9z75hx152q1ashzak13-neovim-unwrapped-0.11.4/share/nvim/runtime/autoload/provider/clipboard.vim
379.687  003.069: before starting main loop
379.924  000.237: first screen update
379.925  000.001: --- NVIM STARTED ---

--- Startup times for process: Primary (or UI client) ---

times in msec
 clock   self+sourced   self:  sourced script
 clock   elapsed:              other lines

000.002  000.002: --- NVIM STARTING ---
000.123  000.121: event init
000.192  000.069: early init
000.242  000.050: locale set
000.282  000.040: init first window
000.656  000.374: inits 1
000.668  000.012: window checked
000.670  000.003: parsing arguments
001.091  000.035  000.035: require('vim.shared')
001.173  000.033  000.033: require('vim.inspect')
001.211  000.032  000.032: require('vim._options')
001.213  000.114  000.049: require('vim._editor')
001.214  000.180  000.032: require('vim._init_packages')
001.216  000.365: init lua interpreter
003.453  002.237: nvim_ui_attach
003.705  000.252: nvim_set_client_info
003.707  000.002: --- NVIM STARTED ---

--- Startup times for process: Embedded ---

times in msec
 clock   self+sourced   self:  sourced script
 clock   elapsed:              other lines

000.002  000.002: --- NVIM STARTING ---
000.114  000.113: event init
000.192  000.078: early init
000.246  000.054: locale set
000.285  000.039: init first window
000.635  000.350: inits 1
000.649  000.014: window checked
000.651  000.003: parsing arguments
001.071  000.038  000.038: require('vim.shared')
001.164  000.043  000.043: require('vim.inspect')
001.204  000.033  000.033: require('vim._options')
001.205  000.129  000.054: require('vim._editor')
001.206  000.192  000.025: require('vim._init_packages')
001.208  000.365: init lua interpreter
001.290  000.082: expanding arguments
001.326  000.036: inits 2
001.629  000.304: init highlight
001.631  000.002: waiting for UI
002.038  000.407: done waiting for UI
002.053  000.015: clear screen
002.356  000.049  000.049: require('vim.keymap')
003.619  000.210  000.210: sourcing nvim_exec2()
004.278  002.218  001.959: require('vim._defaults')
004.284  000.014: init default mappings & autocommands
005.830  000.041  000.041: sourcing nvim_exec2() called at /nix/store/rng17rhjlrcbyzpws1bz66js9zphly8i-neovim-0.11.4-nixCats/nixCats-setup.lua:0
005.840  000.485  000.444: require('nixCats')
006.033  001.584  001.099: sourcing /nix/store/rng17rhjlrcbyzpws1bz66js9zphly8i-neovim-0.11.4-nixCats/nixCats-setup.lua
006.042  000.174: --cmd commands
007.682  000.099  000.099: sourcing /nix/store/xv6xv4d28prsn9z75hx152q1ashzak13-neovim-unwrapped-0.11.4/share/nvim/runtime/ftplugin.vim
007.797  000.017  000.017: sourcing /nix/store/xv6xv4d28prsn9z75hx152q1ashzak13-neovim-unwrapped-0.11.4/share/nvim/runtime/indent.vim
008.142  000.137  000.137: require('nixCatsUtils')
014.885  006.702  006.702: require('Default.opts_and_keys')
015.504  000.165  000.165: require('lze.c.loader')
015.507  000.228  000.063: require('lze.h.colorscheme')
015.593  000.084  000.084: require('lze.h.cmd')
015.731  000.137  000.137: require('lze.h.event')
015.786  000.053  000.053: require('lze.h.ft')
015.914  000.127  000.127: require('lze.h.keys')
015.962  000.047  000.047: require('lze.h.dep_of')
016.005  000.041  000.041: require('lze.h.on_plugin')
016.062  000.056  000.056: require('lze.h.on_require')
016.064  000.838  000.065: require('lze.h')
016.092  001.027  000.189: require('lze.c.handler')
016.094  001.196  000.169: require('lze')
016.167  000.072  000.072: require('nixCatsUtils.lzUtils')
016.222  000.051  000.051: require('lzextras')
016.386  000.162  000.162: require('lzextras.src.lsp')
017.012  000.248  000.248: require('catppuccin')
017.292  000.052  000.052: require('catppuccin.lib.hashing')
019.742  002.189  002.189: sourcing /nix/store/n9wkxkl5c4gy859s5vbkjf9wm6967566-vim-pack-dir/pack/myNeovimPackages/start/catppuccin-nvim/colors/catppuccin.vim
019.959  000.178  000.178: require('lze.c.parse')
021.703  000.067  000.067: sourcing /nix/store/vd5h8liiw0cdhxz0a24dw884ic13a8n1-packdir-start/pack/myNeovimPackages/start/nvim-web-devicons/plugin/nvim-web-devicons.vim
022.134  000.010  000.010: sourcing /nix/store/dhx1jvdc03mkzg3phzz1zg06dar665ns-packdir-opt/pack/myNeovimPackages/opt/nvim-web-devicons/plugin/nvim-web-devicons.vim
024.218  000.025  000.025: require('vim.F')
026.544  002.296  002.296: require('nvim-web-devicons.icons-default')
026.760  004.350  002.029: require('nvim-web-devicons')
029.159  012.768  005.674: require('Default.ui')
029.402  000.238  000.238: require('Default.edit')
032.481  001.427  001.427: require('snacks')
032.484  001.447  000.020: sourcing /nix/store/dhx1jvdc03mkzg3phzz1zg06dar665ns-packdir-opt/pack/myNeovimPackages/opt/snacks.nvim/plugin/snacks.lua
033.338  000.201  000.201: sourcing /nix/store/dhx1jvdc03mkzg3phzz1zg06dar665ns-packdir-opt/pack/myNeovimPackages/opt/vim-startuptime/plugin/startuptime.vim
033.559  004.155  002.508: require('Default.tool')
035.580  002.019  002.019: require('Default.debug')
038.092  000.142  000.142: require('vim.fs')
038.194  000.642  000.500: require('vim.lsp.log')
039.355  001.158  001.158: require('vim.lsp.protocol')
042.472  003.098  003.098: require('vim.lsp.util')
042.929  000.193  000.193: require('vim.lsp.sync')
042.934  000.455  000.262: require('vim.lsp._changetracking')
043.412  000.167  000.167: require('vim.lsp._transport')
043.471  000.535  000.368: require('vim.lsp.rpc')
043.536  007.273  001.385: require('vim.lsp')
043.561  007.970  000.697: require('Default.lsp')
043.739  000.176  000.176: require('Default.code-quality')
043.858  000.117  000.117: require('Default.lang')
044.077  000.217  000.217: require('Default.cmp')
044.079  035.935  000.092: require('Default')
044.086  001.856: sourcing vimrc file(s)
044.477  000.140  000.140: sourcing nvim_exec2() called at /nix/store/xv6xv4d28prsn9z75hx152q1ashzak13-neovim-unwrapped-0.11.4/share/nvim/runtime/filetype.lua:0
044.480  000.210  000.070: sourcing /nix/store/xv6xv4d28prsn9z75hx152q1ashzak13-neovim-unwrapped-0.11.4/share/nvim/runtime/filetype.lua
044.707  000.060  000.060: sourcing /nix/store/xv6xv4d28prsn9z75hx152q1ashzak13-neovim-unwrapped-0.11.4/share/nvim/runtime/syntax/synload.vim
044.772  000.236  000.177: sourcing /nix/store/xv6xv4d28prsn9z75hx152q1ashzak13-neovim-unwrapped-0.11.4/share/nvim/runtime/syntax/syntax.vim
045.545  000.009  000.009: sourcing /nix/store/n9wkxkl5c4gy859s5vbkjf9wm6967566-vim-pack-dir/pack/myNeovimPackages/opt/vim-startuptime/plugin/startuptime.vim
045.632  000.010  000.010: sourcing /nix/store/n9wkxkl5c4gy859s5vbkjf9wm6967566-vim-pack-dir/pack/myNeovimPackages/opt/snacks.nvim/plugin/snacks.lua
045.717  000.006  000.006: sourcing /nix/store/n9wkxkl5c4gy859s5vbkjf9wm6967566-vim-pack-dir/pack/myNeovimPackages/opt/nvim-web-devicons/plugin/nvim-web-devicons.vim
045.797  000.004  000.004: sourcing /nix/store/n9wkxkl5c4gy859s5vbkjf9wm6967566-vim-pack-dir/pack/myNeovimPackages/start/nvim-web-devicons/plugin/nvim-web-devicons.vim
046.350  000.129  000.129: sourcing /nix/store/xv6xv4d28prsn9z75hx152q1ashzak13-neovim-unwrapped-0.11.4/share/nvim/runtime/plugin/gzip.vim
047.205  000.133  000.133: sourcing /nix/store/xv6xv4d28prsn9z75hx152q1ashzak13-neovim-unwrapped-0.11.4/share/nvim/runtime/pack/dist/opt/matchit/plugin/matchit.vim
047.311  000.942  000.809: sourcing /nix/store/xv6xv4d28prsn9z75hx152q1ashzak13-neovim-unwrapped-0.11.4/share/nvim/runtime/plugin/matchit.vim
047.419  000.090  000.090: sourcing /nix/store/xv6xv4d28prsn9z75hx152q1ashzak13-neovim-unwrapped-0.11.4/share/nvim/runtime/plugin/matchparen.vim
047.444  000.006  000.006: sourcing /nix/store/xv6xv4d28prsn9z75hx152q1ashzak13-neovim-unwrapped-0.11.4/share/nvim/runtime/plugin/netrwPlugin.vim
047.525  000.005  000.005: sourcing /nix/store/rng17rhjlrcbyzpws1bz66js9zphly8i-neovim-0.11.4-nixCats/nixCats-rplugin.vim
047.653  000.191  000.186: sourcing /nix/store/xv6xv4d28prsn9z75hx152q1ashzak13-neovim-unwrapped-0.11.4/share/nvim/runtime/plugin/rplugin.vim
047.712  000.040  000.040: sourcing /nix/store/xv6xv4d28prsn9z75hx152q1ashzak13-neovim-unwrapped-0.11.4/share/nvim/runtime/plugin/shada.vim
047.750  000.011  000.011: sourcing /nix/store/xv6xv4d28prsn9z75hx152q1ashzak13-neovim-unwrapped-0.11.4/share/nvim/runtime/plugin/spellfile.vim
047.832  000.061  000.061: sourcing /nix/store/xv6xv4d28prsn9z75hx152q1ashzak13-neovim-unwrapped-0.11.4/share/nvim/runtime/plugin/tarPlugin.vim
047.871  000.012  000.012: sourcing /nix/store/xv6xv4d28prsn9z75hx152q1ashzak13-neovim-unwrapped-0.11.4/share/nvim/runtime/plugin/tutor.vim
048.004  000.111  000.111: sourcing /nix/store/xv6xv4d28prsn9z75hx152q1ashzak13-neovim-unwrapped-0.11.4/share/nvim/runtime/plugin/zipPlugin.vim
048.066  000.033  000.033: sourcing /nix/store/xv6xv4d28prsn9z75hx152q1ashzak13-neovim-unwrapped-0.11.4/share/nvim/runtime/plugin/editorconfig.lua
048.136  000.047  000.047: sourcing /nix/store/xv6xv4d28prsn9z75hx152q1ashzak13-neovim-unwrapped-0.11.4/share/nvim/runtime/plugin/man.lua
048.217  000.050  000.050: sourcing /nix/store/xv6xv4d28prsn9z75hx152q1ashzak13-neovim-unwrapped-0.11.4/share/nvim/runtime/plugin/osc52.lua
048.264  000.026  000.026: sourcing /nix/store/xv6xv4d28prsn9z75hx152q1ashzak13-neovim-unwrapped-0.11.4/share/nvim/runtime/plugin/tohtml.lua
048.307  001.997: loading rtp plugins
048.762  000.008  000.008: sourcing /nix/store/vd5h8liiw0cdhxz0a24dw884ic13a8n1-packdir-start/pack/myNeovimPackages/start/nvim-web-devicons/plugin/nvim-web-devicons.vim
048.858  000.016  000.016: sourcing /nix/store/vd5h8liiw0cdhxz0a24dw884ic13a8n1-packdir-start/pack/myNeovimPackages/start/plenary.nvim/plugin/plenary.vim
049.224  000.893: loading packages
050.779  000.014  000.014: sourcing nvim_exec2() called at /nix/store/xzmlz86hmwv03m1qpr43x8x7nm6ma459-za8gpgi65p4rxghjrjml65d61wmd1jz7-source/after/plugin/colors.lua:0
050.784  000.046  000.032: sourcing /nix/store/xzmlz86hmwv03m1qpr43x8x7nm6ma459-za8gpgi65p4rxghjrjml65d61wmd1jz7-source/after/plugin/colors.lua
050.786  001.515: loading after plugins
050.799  000.013: inits 3
052.401  001.603: reading ShaDa
053.843  000.238  000.238: sourcing /nix/store/dhx1jvdc03mkzg3phzz1zg06dar665ns-packdir-opt/pack/myNeovimPackages/opt/nvim-scrollview/plugin/scrollview.vim
057.980  000.154  000.154: require('scrollview.utils')
058.243  004.117  003.963: require('scrollview')
058.280  001.524: opening buffers
058.443  000.155  000.155: require('snacks.explorer')
058.477  000.043: BufEnter autocommands
058.479  000.002: editing files in windows
058.485  000.006: executing command arguments
058.531  000.046: VimEnter autocommands
060.592  000.083  000.083: require('noice.util.lazy')
060.598  001.693  001.611: require('noice')
061.104  000.302  000.302: require('vim.health')
061.545  000.143  000.143: require('noice.util.call')
061.549  000.441  000.297: require('noice.util')
061.552  000.952  000.209: require('noice.health')
061.747  000.184  000.184: require('noice.config')
062.426  000.354  000.354: require('snacks.util')
062.461  000.669  000.315: require('snacks.scroll')
062.679  000.191  000.191: require('snacks.animate')
063.159  000.179  000.179: require('vim.ui')
063.163  000.443  000.265: require('snacks.input')
063.708  000.542  000.542: require('snacks.scope')
064.005  000.150  000.150: require('snacks.picker')
064.340  000.331  000.331: require('snacks.picker.config')
064.947  000.605  000.605: require('snacks.picker.config.highlights')
065.272  000.321  000.321: require('snacks.picker.config.defaults')
065.769  000.495  000.495: require('snacks.picker.config.sources')
065.952  000.181  000.181: require('snacks.picker.config.layouts')
068.579  000.199  000.199: require('vim.termcap')
068.615  000.012  000.012: require('vim.text')
068.647  003.147: UIEnter autocommands
069.123  000.331  000.331: sourcing /nix/store/xv6xv4d28prsn9z75hx152q1ashzak13-neovim-unwrapped-0.11.4/share/nvim/runtime/autoload/provider/clipboard.vim
069.129  000.151: before starting main loop
069.627  000.316  000.316: require('snacks.statuscolumn')
069.925  000.481: first screen update
069.927  000.002: --- NVIM STARTED ---

--- Startup times for process: Primary (or UI client) ---

times in msec
 clock   self+sourced   self:  sourced script
 clock   elapsed:              other lines

000.002  000.002: --- NVIM STARTING ---
000.122  000.120: event init
000.190  000.068: early init
000.239  000.049: locale set
000.280  000.041: init first window
000.639  000.359: inits 1
000.651  000.011: window checked
000.654  000.003: parsing arguments
001.073  000.035  000.035: require('vim.shared')
001.154  000.033  000.033: require('vim.inspect')
001.193  000.032  000.032: require('vim._options')
001.194  000.114  000.049: require('vim._editor')
001.195  000.178  000.029: require('vim._init_packages')
001.197  000.365: init lua interpreter
003.370  002.173: nvim_ui_attach
003.624  000.253: nvim_set_client_info
003.625  000.002: --- NVIM STARTED ---

--- Startup times for process: Embedded ---

times in msec
 clock   self+sourced   self:  sourced script
 clock   elapsed:              other lines

000.002  000.002: --- NVIM STARTING ---
000.122  000.120: event init
000.191  000.069: early init
000.244  000.053: locale set
000.296  000.052: init first window
000.625  000.329: inits 1
000.638  000.013: window checked
000.641  000.003: parsing arguments
001.061  000.035  000.035: require('vim.shared')
001.151  000.034  000.034: require('vim.inspect')
001.216  000.057  000.057: require('vim._options')
001.217  000.153  000.061: require('vim._editor')
001.218  000.214  000.026: require('vim._init_packages')
001.220  000.365: init lua interpreter
001.279  000.059: expanding arguments
001.309  000.030: inits 2
001.523  000.214: init highlight
001.524  000.001: waiting for UI
001.686  000.162: done waiting for UI
001.693  000.007: clear screen
001.803  000.010  000.010: require('vim.keymap')
002.414  000.109  000.109: sourcing nvim_exec2()
002.625  000.930  000.811: require('vim._defaults')
002.627  000.004: init default mappings & autocommands
003.334  000.023  000.023: sourcing nvim_exec2() called at /nix/store/rng17rhjlrcbyzpws1bz66js9zphly8i-neovim-0.11.4-nixCats/nixCats-setup.lua:0
003.339  000.223  000.200: require('nixCats')
003.455  000.757  000.534: sourcing /nix/store/rng17rhjlrcbyzpws1bz66js9zphly8i-neovim-0.11.4-nixCats/nixCats-setup.lua
003.459  000.075: --cmd commands
004.963  000.152  000.152: sourcing /nix/store/xv6xv4d28prsn9z75hx152q1ashzak13-neovim-unwrapped-0.11.4/share/nvim/runtime/ftplugin.vim
005.092  000.019  000.019: sourcing /nix/store/xv6xv4d28prsn9z75hx152q1ashzak13-neovim-unwrapped-0.11.4/share/nvim/runtime/indent.vim
005.629  000.260  000.260: require('nixCatsUtils')
014.865  009.209  009.209: require('Default.opts_and_keys')
015.905  000.384  000.384: require('lze.c.loader')
015.912  000.508  000.124: require('lze.h.colorscheme')
016.060  000.145  000.145: require('lze.h.cmd')
016.224  000.163  000.163: require('lze.h.event')
016.282  000.055  000.055: require('lze.h.ft')
016.409  000.126  000.126: require('lze.h.keys')
016.457  000.047  000.047: require('lze.h.dep_of')
016.539  000.080  000.080: require('lze.h.on_plugin')
016.622  000.081  000.081: require('lze.h.on_require')
016.623  001.294  000.089: require('lze.h')
016.644  001.652  000.357: require('lze.c.handler')
016.647  001.772  000.120: require('lze')
016.683  000.035  000.035: require('nixCatsUtils.lzUtils')
016.742  000.055  000.055: require('lzextras')
016.902  000.158  000.158: require('lzextras.src.lsp')
017.547  000.276  000.276: require('catppuccin')
017.784  000.062  000.062: require('catppuccin.lib.hashing')
019.253  001.256  001.256: sourcing /nix/store/n9wkxkl5c4gy859s5vbkjf9wm6967566-vim-pack-dir/pack/myNeovimPackages/start/catppuccin-nvim/colors/catppuccin.vim
019.356  000.090  000.090: require('lze.c.parse')
020.431  000.053  000.053: sourcing /nix/store/vd5h8liiw0cdhxz0a24dw884ic13a8n1-packdir-start/pack/myNeovimPackages/start/nvim-web-devicons/plugin/nvim-web-devicons.vim
020.819  000.006  000.006: sourcing /nix/store/dhx1jvdc03mkzg3phzz1zg06dar665ns-packdir-opt/pack/myNeovimPackages/opt/nvim-web-devicons/plugin/nvim-web-devicons.vim
023.218  000.037  000.037: require('vim.F')
025.502  002.254  002.254: require('nvim-web-devicons.icons-default')
025.749  004.713  002.421: require('nvim-web-devicons')
028.519  011.612  005.155: require('Default.ui')
028.852  000.324  000.324: require('Default.edit')
032.605  001.537  001.537: require('snacks')
032.610  001.559  000.022: sourcing /nix/store/dhx1jvdc03mkzg3phzz1zg06dar665ns-packdir-opt/pack/myNeovimPackages/opt/snacks.nvim/plugin/snacks.lua
033.544  000.198  000.198: sourcing /nix/store/dhx1jvdc03mkzg3phzz1zg06dar665ns-packdir-opt/pack/myNeovimPackages/opt/vim-startuptime/plugin/startuptime.vim
033.746  004.890  003.134: require('Default.tool')
035.423  001.675  001.675: require('Default.debug')
037.722  000.295  000.295: require('vim.fs')
037.824  000.811  000.517: require('vim.lsp.log')
038.659  000.832  000.832: require('vim.lsp.protocol')
039.736  001.073  001.073: require('vim.lsp.util')
040.201  000.225  000.225: require('vim.lsp.sync')
040.206  000.467  000.242: require('vim.lsp._changetracking')
040.736  000.189  000.189: require('vim.lsp._transport')
040.788  000.579  000.390: require('vim.lsp.rpc')
040.882  005.032  001.269: require('vim.lsp')
040.940  005.515  000.483: require('Default.lsp')
041.171  000.229  000.229: require('Default.code-quality')
041.305  000.132  000.132: require('Default.lang')
041.507  000.200  000.200: require('Default.cmp')
041.509  035.878  000.071: require('Default')
041.519  001.750: sourcing vimrc file(s)
041.936  000.158  000.158: sourcing nvim_exec2() called at /nix/store/xv6xv4d28prsn9z75hx152q1ashzak13-neovim-unwrapped-0.11.4/share/nvim/runtime/filetype.lua:0
041.939  000.228  000.071: sourcing /nix/store/xv6xv4d28prsn9z75hx152q1ashzak13-neovim-unwrapped-0.11.4/share/nvim/runtime/filetype.lua
042.242  000.100  000.100: sourcing /nix/store/xv6xv4d28prsn9z75hx152q1ashzak13-neovim-unwrapped-0.11.4/share/nvim/runtime/syntax/synload.vim
042.347  000.341  000.240: sourcing /nix/store/xv6xv4d28prsn9z75hx152q1ashzak13-neovim-unwrapped-0.11.4/share/nvim/runtime/syntax/syntax.vim
043.189  000.008  000.008: sourcing /nix/store/n9wkxkl5c4gy859s5vbkjf9wm6967566-vim-pack-dir/pack/myNeovimPackages/opt/vim-startuptime/plugin/startuptime.vim
043.280  000.011  000.011: sourcing /nix/store/n9wkxkl5c4gy859s5vbkjf9wm6967566-vim-pack-dir/pack/myNeovimPackages/opt/snacks.nvim/plugin/snacks.lua
043.369  000.007  000.007: sourcing /nix/store/n9wkxkl5c4gy859s5vbkjf9wm6967566-vim-pack-dir/pack/myNeovimPackages/opt/nvim-web-devicons/plugin/nvim-web-devicons.vim
043.450  000.004  000.004: sourcing /nix/store/n9wkxkl5c4gy859s5vbkjf9wm6967566-vim-pack-dir/pack/myNeovimPackages/start/nvim-web-devicons/plugin/nvim-web-devicons.vim
044.026  000.146  000.146: sourcing /nix/store/xv6xv4d28prsn9z75hx152q1ashzak13-neovim-unwrapped-0.11.4/share/nvim/runtime/plugin/gzip.vim
044.901  000.132  000.132: sourcing /nix/store/xv6xv4d28prsn9z75hx152q1ashzak13-neovim-unwrapped-0.11.4/share/nvim/runtime/pack/dist/opt/matchit/plugin/matchit.vim
045.007  000.962  000.830: sourcing /nix/store/xv6xv4d28prsn9z75hx152q1ashzak13-neovim-unwrapped-0.11.4/share/nvim/runtime/plugin/matchit.vim
045.127  000.101  000.101: sourcing /nix/store/xv6xv4d28prsn9z75hx152q1ashzak13-neovim-unwrapped-0.11.4/share/nvim/runtime/plugin/matchparen.vim
045.153  000.006  000.006: sourcing /nix/store/xv6xv4d28prsn9z75hx152q1ashzak13-neovim-unwrapped-0.11.4/share/nvim/runtime/plugin/netrwPlugin.vim
045.233  000.005  000.005: sourcing /nix/store/rng17rhjlrcbyzpws1bz66js9zphly8i-neovim-0.11.4-nixCats/nixCats-rplugin.vim
045.360  000.189  000.184: sourcing /nix/store/xv6xv4d28prsn9z75hx152q1ashzak13-neovim-unwrapped-0.11.4/share/nvim/runtime/plugin/rplugin.vim
045.419  000.040  000.040: sourcing /nix/store/xv6xv4d28prsn9z75hx152q1ashzak13-neovim-unwrapped-0.11.4/share/nvim/runtime/plugin/shada.vim
045.456  000.011  000.011: sourcing /nix/store/xv6xv4d28prsn9z75hx152q1ashzak13-neovim-unwrapped-0.11.4/share/nvim/runtime/plugin/spellfile.vim
045.539  000.061  000.061: sourcing /nix/store/xv6xv4d28prsn9z75hx152q1ashzak13-neovim-unwrapped-0.11.4/share/nvim/runtime/plugin/tarPlugin.vim
045.578  000.012  000.012: sourcing /nix/store/xv6xv4d28prsn9z75hx152q1ashzak13-neovim-unwrapped-0.11.4/share/nvim/runtime/plugin/tutor.vim
045.721  000.122  000.122: sourcing /nix/store/xv6xv4d28prsn9z75hx152q1ashzak13-neovim-unwrapped-0.11.4/share/nvim/runtime/plugin/zipPlugin.vim
045.783  000.034  000.034: sourcing /nix/store/xv6xv4d28prsn9z75hx152q1ashzak13-neovim-unwrapped-0.11.4/share/nvim/runtime/plugin/editorconfig.lua
045.852  000.046  000.046: sourcing /nix/store/xv6xv4d28prsn9z75hx152q1ashzak13-neovim-unwrapped-0.11.4/share/nvim/runtime/plugin/man.lua
045.921  000.047  000.047: sourcing /nix/store/xv6xv4d28prsn9z75hx152q1ashzak13-neovim-unwrapped-0.11.4/share/nvim/runtime/plugin/osc52.lua
045.966  000.024  000.024: sourcing /nix/store/xv6xv4d28prsn9z75hx152q1ashzak13-neovim-unwrapped-0.11.4/share/nvim/runtime/plugin/tohtml.lua
046.009  002.091: loading rtp plugins
046.474  000.008  000.008: sourcing /nix/store/vd5h8liiw0cdhxz0a24dw884ic13a8n1-packdir-start/pack/myNeovimPackages/start/nvim-web-devicons/plugin/nvim-web-devicons.vim
046.570  000.016  000.016: sourcing /nix/store/vd5h8liiw0cdhxz0a24dw884ic13a8n1-packdir-start/pack/myNeovimPackages/start/plenary.nvim/plugin/plenary.vim
046.929  000.896: loading packages
048.429  000.008  000.008: sourcing nvim_exec2() called at /nix/store/xzmlz86hmwv03m1qpr43x8x7nm6ma459-za8gpgi65p4rxghjrjml65d61wmd1jz7-source/after/plugin/colors.lua:0
048.432  000.024  000.016: sourcing /nix/store/xzmlz86hmwv03m1qpr43x8x7nm6ma459-za8gpgi65p4rxghjrjml65d61wmd1jz7-source/after/plugin/colors.lua
048.434  001.481: loading after plugins
048.444  000.010: inits 3
049.716  001.272: reading ShaDa
051.050  000.267  000.267: sourcing /nix/store/dhx1jvdc03mkzg3phzz1zg06dar665ns-packdir-opt/pack/myNeovimPackages/opt/nvim-scrollview/plugin/scrollview.vim
055.224  000.148  000.148: require('scrollview.utils')
055.356  003.796  003.648: require('scrollview')
055.388  001.610: opening buffers
055.539  000.143  000.143: require('snacks.explorer')
055.568  000.037: BufEnter autocommands
055.570  000.002: editing files in windows
055.576  000.006: executing command arguments
055.644  000.068: VimEnter autocommands
057.682  000.081  000.081: require('noice.util.lazy')
057.686  001.674  001.592: require('noice')
058.228  000.327  000.327: require('vim.health')
058.782  000.179  000.179: require('noice.util.call')
058.789  000.558  000.379: require('noice.util')
058.792  001.104  000.220: require('noice.health')
059.056  000.250  000.250: require('noice.config')
059.865  000.428  000.428: require('snacks.util')
059.889  000.808  000.380: require('snacks.scroll')
060.129  000.224  000.224: require('snacks.animate')
060.717  000.198  000.198: require('vim.ui')
060.720  000.534  000.336: require('snacks.input')
061.323  000.600  000.600: require('snacks.scope')
061.653  000.163  000.163: require('snacks.picker')
061.956  000.299  000.299: require('snacks.picker.config')
062.545  000.586  000.586: require('snacks.picker.config.highlights')
062.969  000.418  000.418: require('snacks.picker.config.defaults')
063.725  000.755  000.755: require('snacks.picker.config.sources')
063.879  000.151  000.151: require('snacks.picker.config.layouts')
065.536  000.159  000.159: require('vim.termcap')
065.566  000.011  000.011: require('vim.text')
065.591  002.211: UIEnter autocommands
066.063  000.329  000.329: sourcing /nix/store/xv6xv4d28prsn9z75hx152q1ashzak13-neovim-unwrapped-0.11.4/share/nvim/runtime/autoload/provider/clipboard.vim
066.068  000.148: before starting main loop
066.551  000.305  000.305: require('snacks.statuscolumn')
066.889  000.517: first screen update
066.891  000.002: --- NVIM STARTED ---

--- Startup times for process: Primary (or UI client) ---

times in msec
 clock   self+sourced   self:  sourced script
 clock   elapsed:              other lines

000.002  000.002: --- NVIM STARTING ---
000.145  000.143: event init
000.228  000.083: early init
000.278  000.049: locale set
000.319  000.041: init first window
000.668  000.350: inits 1
000.679  000.011: window checked
000.682  000.003: parsing arguments
001.120  000.037  000.037: require('vim.shared')
001.202  000.033  000.033: require('vim.inspect')
001.242  000.033  000.033: require('vim._options')
001.243  000.116  000.049: require('vim._editor')
001.244  000.184  000.032: require('vim._init_packages')
001.246  000.380: init lua interpreter
003.387  002.141: nvim_ui_attach
003.900  000.514: nvim_set_client_info
003.904  000.004: --- NVIM STARTED ---

--- Startup times for process: Embedded ---

times in msec
 clock   self+sourced   self:  sourced script
 clock   elapsed:              other lines

000.002  000.002: --- NVIM STARTING ---
000.113  000.111: event init
000.177  000.064: early init
000.228  000.051: locale set
000.267  000.039: init first window
000.603  000.336: inits 1
000.616  000.013: window checked
000.618  000.002: parsing arguments
001.036  000.036  000.036: require('vim.shared')
001.117  000.033  000.033: require('vim.inspect')
001.156  000.032  000.032: require('vim._options')
001.157  000.117  000.052: require('vim._editor')
001.158  000.178  000.025: require('vim._init_packages')
001.160  000.364: init lua interpreter
001.221  000.061: expanding arguments
001.247  000.026: inits 2
001.459  000.212: init highlight
001.460  000.001: waiting for UI
001.618  000.159: done waiting for UI
001.625  000.007: clear screen
001.729  000.009  000.009: require('vim.keymap')
002.352  000.110  000.110: sourcing nvim_exec2()
002.554  000.927  000.809: require('vim._defaults')
002.555  000.003: init default mappings & autocommands
003.241  000.019  000.019: sourcing nvim_exec2() called at /nix/store/rng17rhjlrcbyzpws1bz66js9zphly8i-neovim-0.11.4-nixCats/nixCats-setup.lua:0
003.245  000.230  000.212: require('nixCats')
003.369  000.753  000.522: sourcing /nix/store/rng17rhjlrcbyzpws1bz66js9zphly8i-neovim-0.11.4-nixCats/nixCats-setup.lua
003.372  000.064: --cmd commands
004.672  000.037  000.037: sourcing /nix/store/xv6xv4d28prsn9z75hx152q1ashzak13-neovim-unwrapped-0.11.4/share/nvim/runtime/ftplugin.vim
004.778  000.017  000.017: sourcing /nix/store/xv6xv4d28prsn9z75hx152q1ashzak13-neovim-unwrapped-0.11.4/share/nvim/runtime/indent.vim
005.036  000.082  000.082: require('nixCatsUtils')
015.559  010.500  010.500: require('Default.opts_and_keys')
016.422  000.181  000.181: require('lze.c.loader')
016.425  000.284  000.103: require('lze.h.colorscheme')
016.516  000.089  000.089: require('lze.h.cmd')
016.666  000.149  000.149: require('lze.h.event')
016.726  000.058  000.058: require('lze.h.ft')
016.873  000.145  000.145: require('lze.h.keys')
016.923  000.049  000.049: require('lze.h.dep_of')
016.974  000.050  000.050: require('lze.h.on_plugin')
017.035  000.060  000.060: require('lze.h.on_require')
017.037  000.934  000.049: require('lze.h')
017.070  001.203  000.269: require('lze.c.handler')
017.072  001.489  000.286: require('lze')
017.146  000.072  000.072: require('nixCatsUtils.lzUtils')
017.206  000.057  000.057: require('lzextras')
017.378  000.170  000.170: require('lzextras.src.lsp')
018.061  000.267  000.267: require('catppuccin')
018.285  000.043  000.043: require('catppuccin.lib.hashing')
020.122  001.620  001.620: sourcing /nix/store/n9wkxkl5c4gy859s5vbkjf9wm6967566-vim-pack-dir/pack/myNeovimPackages/start/catppuccin-nvim/colors/catppuccin.vim
020.223  000.088  000.088: require('lze.c.parse')
021.243  000.037  000.037: sourcing /nix/store/vd5h8liiw0cdhxz0a24dw884ic13a8n1-packdir-start/pack/myNeovimPackages/start/nvim-web-devicons/plugin/nvim-web-devicons.vim
021.626  000.006  000.006: sourcing /nix/store/dhx1jvdc03mkzg3phzz1zg06dar665ns-packdir-opt/pack/myNeovimPackages/opt/nvim-web-devicons/plugin/nvim-web-devicons.vim
023.325  000.006  000.006: require('vim.F')
024.368  001.035  001.035: require('nvim-web-devicons.icons-default')
024.546  002.717  001.677: require('nvim-web-devicons')
027.402  010.019  005.240: require('Default.ui')
027.752  000.345  000.345: require('Default.edit')
032.322  001.472  001.472: require('snacks')
032.326  001.493  000.020: sourcing /nix/store/dhx1jvdc03mkzg3phzz1zg06dar665ns-packdir-opt/pack/myNeovimPackages/opt/snacks.nvim/plugin/snacks.lua
033.292  000.240  000.240: sourcing /nix/store/dhx1jvdc03mkzg3phzz1zg06dar665ns-packdir-opt/pack/myNeovimPackages/opt/vim-startuptime/plugin/startuptime.vim
033.496  005.740  004.008: require('Default.tool')
034.971  001.472  001.472: require('Default.debug')
036.253  000.021  000.021: require('vim.fs')
036.275  000.212  000.191: require('vim.lsp.log')
036.828  000.551  000.551: require('vim.lsp.protocol')
037.912  001.081  001.081: require('vim.lsp.util')
038.391  000.209  000.209: require('vim.lsp.sync')
038.395  000.481  000.272: require('vim.lsp._changetracking')
038.966  000.200  000.200: require('vim.lsp._transport')
038.982  000.585  000.384: require('vim.lsp.rpc')
039.046  003.726  000.817: require('vim.lsp')
039.086  004.112  000.386: require('Default.lsp')
039.307  000.220  000.220: require('Default.code-quality')
039.430  000.120  000.120: require('Default.lang')
039.732  000.300  000.300: require('Default.cmp')
039.734  034.696  000.080: require('Default')
039.738  001.534: sourcing vimrc file(s)
040.127  000.139  000.139: sourcing nvim_exec2() called at /nix/store/xv6xv4d28prsn9z75hx152q1ashzak13-neovim-unwrapped-0.11.4/share/nvim/runtime/filetype.lua:0
040.130  000.211  000.072: sourcing /nix/store/xv6xv4d28prsn9z75hx152q1ashzak13-neovim-unwrapped-0.11.4/share/nvim/runtime/filetype.lua
040.355  000.059  000.059: sourcing /nix/store/xv6xv4d28prsn9z75hx152q1ashzak13-neovim-unwrapped-0.11.4/share/nvim/runtime/syntax/synload.vim
040.417  000.233  000.174: sourcing /nix/store/xv6xv4d28prsn9z75hx152q1ashzak13-neovim-unwrapped-0.11.4/share/nvim/runtime/syntax/syntax.vim
041.184  000.009  000.009: sourcing /nix/store/n9wkxkl5c4gy859s5vbkjf9wm6967566-vim-pack-dir/pack/myNeovimPackages/opt/vim-startuptime/plugin/startuptime.vim
041.271  000.009  000.009: sourcing /nix/store/n9wkxkl5c4gy859s5vbkjf9wm6967566-vim-pack-dir/pack/myNeovimPackages/opt/snacks.nvim/plugin/snacks.lua
041.355  000.006  000.006: sourcing /nix/store/n9wkxkl5c4gy859s5vbkjf9wm6967566-vim-pack-dir/pack/myNeovimPackages/opt/nvim-web-devicons/plugin/nvim-web-devicons.vim
041.435  000.004  000.004: sourcing /nix/store/n9wkxkl5c4gy859s5vbkjf9wm6967566-vim-pack-dir/pack/myNeovimPackages/start/nvim-web-devicons/plugin/nvim-web-devicons.vim
041.982  000.133  000.133: sourcing /nix/store/xv6xv4d28prsn9z75hx152q1ashzak13-neovim-unwrapped-0.11.4/share/nvim/runtime/plugin/gzip.vim
042.896  000.166  000.166: sourcing /nix/store/xv6xv4d28prsn9z75hx152q1ashzak13-neovim-unwrapped-0.11.4/share/nvim/runtime/pack/dist/opt/matchit/plugin/matchit.vim
043.005  001.004  000.838: sourcing /nix/store/xv6xv4d28prsn9z75hx152q1ashzak13-neovim-unwrapped-0.11.4/share/nvim/runtime/plugin/matchit.vim
043.118  000.093  000.093: sourcing /nix/store/xv6xv4d28prsn9z75hx152q1ashzak13-neovim-unwrapped-0.11.4/share/nvim/runtime/plugin/matchparen.vim
043.143  000.006  000.006: sourcing /nix/store/xv6xv4d28prsn9z75hx152q1ashzak13-neovim-unwrapped-0.11.4/share/nvim/runtime/plugin/netrwPlugin.vim
043.234  000.005  000.005: sourcing /nix/store/rng17rhjlrcbyzpws1bz66js9zphly8i-neovim-0.11.4-nixCats/nixCats-rplugin.vim
043.391  000.231  000.226: sourcing /nix/store/xv6xv4d28prsn9z75hx152q1ashzak13-neovim-unwrapped-0.11.4/share/nvim/runtime/plugin/rplugin.vim
043.455  000.044  000.044: sourcing /nix/store/xv6xv4d28prsn9z75hx152q1ashzak13-neovim-unwrapped-0.11.4/share/nvim/runtime/plugin/shada.vim
043.495  000.011  000.011: sourcing /nix/store/xv6xv4d28prsn9z75hx152q1ashzak13-neovim-unwrapped-0.11.4/share/nvim/runtime/plugin/spellfile.vim
043.579  000.062  000.062: sourcing /nix/store/xv6xv4d28prsn9z75hx152q1ashzak13-neovim-unwrapped-0.11.4/share/nvim/runtime/plugin/tarPlugin.vim
043.623  000.014  000.014: sourcing /nix/store/xv6xv4d28prsn9z75hx152q1ashzak13-neovim-unwrapped-0.11.4/share/nvim/runtime/plugin/tutor.vim
043.797  000.150  000.150: sourcing /nix/store/xv6xv4d28prsn9z75hx152q1ashzak13-neovim-unwrapped-0.11.4/share/nvim/runtime/plugin/zipPlugin.vim
043.919  000.060  000.060: sourcing /nix/store/xv6xv4d28prsn9z75hx152q1ashzak13-neovim-unwrapped-0.11.4/share/nvim/runtime/plugin/editorconfig.lua
044.294  000.351  000.351: sourcing /nix/store/xv6xv4d28prsn9z75hx152q1ashzak13-neovim-unwrapped-0.11.4/share/nvim/runtime/plugin/man.lua
044.491  000.174  000.174: sourcing /nix/store/xv6xv4d28prsn9z75hx152q1ashzak13-neovim-unwrapped-0.11.4/share/nvim/runtime/plugin/osc52.lua
044.560  000.048  000.048: sourcing /nix/store/xv6xv4d28prsn9z75hx152q1ashzak13-neovim-unwrapped-0.11.4/share/nvim/runtime/plugin/tohtml.lua
044.604  002.011: loading rtp plugins
045.117  000.012  000.012: sourcing /nix/store/vd5h8liiw0cdhxz0a24dw884ic13a8n1-packdir-start/pack/myNeovimPackages/start/nvim-web-devicons/plugin/nvim-web-devicons.vim
045.222  000.020  000.020: sourcing /nix/store/vd5h8liiw0cdhxz0a24dw884ic13a8n1-packdir-start/pack/myNeovimPackages/start/plenary.nvim/plugin/plenary.vim
045.586  000.951: loading packages
047.096  000.018  000.018: sourcing nvim_exec2() called at /nix/store/xzmlz86hmwv03m1qpr43x8x7nm6ma459-za8gpgi65p4rxghjrjml65d61wmd1jz7-source/after/plugin/colors.lua:0
047.113  000.051  000.033: sourcing /nix/store/xzmlz86hmwv03m1qpr43x8x7nm6ma459-za8gpgi65p4rxghjrjml65d61wmd1jz7-source/after/plugin/colors.lua
047.116  001.479: loading after plugins
047.131  000.016: inits 3
048.567  001.436: reading ShaDa
049.469  000.144  000.144: sourcing /nix/store/dhx1jvdc03mkzg3phzz1zg06dar665ns-packdir-opt/pack/myNeovimPackages/opt/nvim-scrollview/plugin/scrollview.vim
053.803  000.159  000.159: require('scrollview.utils')
054.065  004.361  004.202: require('scrollview')
054.107  001.035: opening buffers
054.271  000.157  000.157: require('snacks.explorer')
054.301  000.037: BufEnter autocommands
054.302  000.002: editing files in windows
054.309  000.007: executing command arguments
054.354  000.045: VimEnter autocommands
056.474  000.084  000.084: require('noice.util.lazy')
056.480  001.694  001.610: require('noice')
056.991  000.313  000.313: require('vim.health')
057.419  000.140  000.140: require('noice.util.call')
057.425  000.430  000.290: require('noice.util')
057.428  000.946  000.203: require('noice.health')
057.629  000.189  000.189: require('noice.config')
058.300  000.356  000.356: require('snacks.util')
058.319  000.671  000.315: require('snacks.scroll')
058.522  000.190  000.190: require('snacks.animate')
059.043  000.179  000.179: require('vim.ui')
059.046  000.466  000.287: require('snacks.input')
059.526  000.477  000.477: require('snacks.scope')
059.787  000.141  000.141: require('snacks.picker')
060.073  000.283  000.283: require('snacks.picker.config')
060.365  000.289  000.289: require('snacks.picker.config.highlights')
060.647  000.280  000.280: require('snacks.picker.config.defaults')
061.278  000.629  000.629: require('snacks.picker.config.sources')
061.446  000.166  000.166: require('snacks.picker.config.layouts')
063.593  000.182  000.182: require('vim.termcap')
063.629  000.016  000.016: require('vim.text')
063.656  002.681: UIEnter autocommands
064.134  000.336  000.336: sourcing /nix/store/xv6xv4d28prsn9z75hx152q1ashzak13-neovim-unwrapped-0.11.4/share/nvim/runtime/autoload/provider/clipboard.vim
064.139  000.148: before starting main loop
064.646  000.347  000.347: require('snacks.statuscolumn')
064.950  000.464: first screen update
064.952  000.002: --- NVIM STARTED ---

